Unity Editor version:    2020.3.31f1 (6b54b7616050)
Branch:                  2020.3/release
Build type:              Release
Batch mode:              YES
macOS version:           Version 12.2.1 (Build 21D62)
Darwin version:          21.3.0
Architecture:            x86_64
Running under Rosetta:   YES
Available memory:        16384 MB
Using pre-set license
Pro License: NO

COMMAND LINE ARGUMENTS:
/Applications/Unity/Hub/Editor/2020.3.31f1/Unity.app/Contents/MacOS/Unity
-adb2
-batchMode
-noUpm
-name
AssetImportWorker0
-projectPath
/Users/ailipriimann/Desktop/UnityProjects/VRGalleryProject
-logFile
Logs/AssetImportWorker0.log
-srvPort
49577
Successfully changed project path to: /Users/ailipriimann/Desktop/UnityProjects/VRGalleryProject
/Users/ailipriimann/Desktop/UnityProjects/VRGalleryProject
Using Asset Import Pipeline V2.
Refreshing native plugins compatible for Editor in 56.38 ms, found 3 plugins.
Preloading 1 native plugins for Editor in 5.92 ms.
Initialize engine version: 2020.3.31f1 (6b54b7616050)
[Subsystems] Discovering subsystems at path /Applications/Unity/Hub/Editor/2020.3.31f1/Unity.app/Contents/Resources/UnitySubsystems
[Subsystems] Discovering subsystems at path /Users/ailipriimann/Desktop/UnityProjects/VRGalleryProject/Assets
GfxDevice: creating device client; threaded=0
2022-04-28 13:12:20.322 Unity[48552:95211] (null) preferred device: Apple M1 Pro (high power)
2022-04-28 13:12:20.322 Unity[48552:95211] Metal devices available: 1
2022-04-28 13:12:20.322 Unity[48552:95211] 0: Apple M1 Pro (high power)
2022-04-28 13:12:20.323 Unity[48552:95211] Using device Apple M1 Pro (high power)
Initializing Metal device caps: Apple M1 Pro
Initialize mono
Mono path[0] = '/Applications/Unity/Hub/Editor/2020.3.31f1/Unity.app/Contents/Managed'
Mono path[1] = '/Applications/Unity/Hub/Editor/2020.3.31f1/Unity.app/Contents/MonoBleedingEdge/lib/mono/unityjit'
Mono config path = '/Applications/Unity/Hub/Editor/2020.3.31f1/Unity.app/Contents/MonoBleedingEdge/etc'
Using monoOptions --debugger-agent=transport=dt_socket,embedding=1,server=y,suspend=n,address=127.0.0.1:56552
Begin MonoManager ReloadAssembly
Registering precompiled unity dll's ...
Register platform support module: /Applications/Unity/Hub/Editor/2020.3.31f1/PlaybackEngines/WebGLSupport/UnityEditor.WebGL.Extensions.dll
Register platform support module: /Applications/Unity/Hub/Editor/2020.3.31f1/Unity.app/Contents/PlaybackEngines/MacStandaloneSupport/UnityEditor.OSXStandalone.Extensions.dll
Registered in 0.002519 seconds.
Native extension for OSXStandalone target not found
Native extension for WebGL target not found
Refreshing native plugins compatible for Editor in 50.29 ms, found 3 plugins.
Preloading 1 native plugins for Editor in 0.29 ms.
Mono: successfully reloaded assembly
- Completed reload, in  1.258 seconds
Domain Reload Profiling:
	ReloadAssembly (1258ms)
		BeginReloadAssembly (105ms)
			ExecutionOrderSort (0ms)
			DisableScriptedObjects (0ms)
			BackupInstance (0ms)
			ReleaseScriptingObjects (0ms)
			CreateAndSetChildDomain (2ms)
		EndReloadAssembly (1036ms)
			LoadAssemblies (104ms)
			RebuildTransferFunctionScriptingTraits (0ms)
			SetupTypeCache (178ms)
			ReleaseScriptCaches (0ms)
			RebuildScriptCaches (41ms)
			SetupLoadedEditorAssemblies (520ms)
				LogAssemblyErrors (0ms)
				InitializePlatformSupportModulesInManaged (14ms)
				SetLoadedEditorAssemblies (1ms)
				RefreshPlugins (51ms)
				BeforeProcessingInitializeOnLoad (24ms)
				ProcessInitializeOnLoadAttributes (319ms)
				ProcessInitializeOnLoadMethodAttributes (112ms)
				AfterProcessingInitializeOnLoad (0ms)
				EditorAssembliesLoaded (1ms)
			ExecutionOrderSort2 (0ms)
			AwakeInstancesAfterBackupRestoration (0ms)
Platform modules already initialized, skipping
Registering precompiled user dll's ...
Registered in 0.002735 seconds.
Begin MonoManager ReloadAssembly
Native extension for OSXStandalone target not found
Native extension for WebGL target not found
Refreshing native plugins compatible for Editor in 49.27 ms, found 3 plugins.
Preloading 1 native plugins for Editor in 0.29 ms.
Mono: successfully reloaded assembly
- Completed reload, in  2.429 seconds
Domain Reload Profiling:
	ReloadAssembly (2432ms)
		BeginReloadAssembly (265ms)
			ExecutionOrderSort (0ms)
			DisableScriptedObjects (34ms)
			BackupInstance (0ms)
			ReleaseScriptingObjects (0ms)
			CreateAndSetChildDomain (32ms)
		EndReloadAssembly (2077ms)
			LoadAssemblies (202ms)
			RebuildTransferFunctionScriptingTraits (0ms)
			SetupTypeCache (341ms)
			ReleaseScriptCaches (1ms)
			RebuildScriptCaches (61ms)
			SetupLoadedEditorAssemblies (1158ms)
				LogAssemblyErrors (0ms)
				InitializePlatformSupportModulesInManaged (12ms)
				SetLoadedEditorAssemblies (0ms)
				RefreshPlugins (50ms)
				BeforeProcessingInitializeOnLoad (128ms)
				ProcessInitializeOnLoadAttributes (941ms)
				ProcessInitializeOnLoadMethodAttributes (26ms)
				AfterProcessingInitializeOnLoad (1ms)
				EditorAssembliesLoaded (0ms)
			ExecutionOrderSort2 (0ms)
			AwakeInstancesAfterBackupRestoration (31ms)
Platform modules already initialized, skipping
Validating Project structure ... 0.002755 seconds.
Shader import version has changed; will reimport all shaders...
Upgrading shader files ...0.013370 seconds.
Application.AssetDatabase Initial Script Refresh Start
RefreshInfo: InitialScriptRefreshV2(NoUpdateAssetOptions) scanfilter:  ... 1 filters
RefreshProfiler: Total: 0.000ms
Application.AssetDatabase Initial Script Refresh End
Application.AssetDatabase.Refresh Start
Application.AssetDatabase.Refresh End
RefreshInfo: StopAssetImportingV2(ForceSynchronousImport) scanfilter: 
RefreshProfiler: Total: 0.000ms
Launching external process: /Applications/Unity/Hub/Editor/2020.3.31f1/Unity.app/Contents/Tools/UnityShaderCompiler
Launched and connected shader compiler UnityShaderCompiler after 0.02 seconds
Initializing Unity extensions:
2022-04-28 13:12:25.342 Unity[48552:95211] NSEventModifierFlagFunction specified to -setKeyEquivalentModifierMask: for item <NSMenuItem: 0x600000cb9960 Font Asset, ke='Command-F12'>, but is only supported for system-provided menu items; will not be used
2022-04-28 13:12:25.346 Unity[48552:95211] NSEventModifierFlagFunction specified to -setKeyEquivalentModifierMask: for item <NSMenuItem: 0x600000cd7e90 Font Asset, ke='Command-F12'>, but is only supported for system-provided menu items; will not be used
========================================================================
Worker process is ready to serve import requests
Refreshing native plugins compatible for Editor in 0.65 ms, found 3 plugins.
Preloading 1 native plugins for Editor in 0.24 ms.
Unloading 2772 Unused Serialized files (Serialized files now loaded: 0)
System memory in use before: 245.3 MB.
System memory in use after: 243.3 MB.

Unloading 166 unused Assets to reduce memory usage. Loaded Objects now: 3238.
Total: 3.132541 ms (FindLiveObjects: 0.116084 ms CreateObjectMapping: 0.057917 ms MarkObjects: 2.260166 ms  DeleteObjects: 0.697333 ms)

AssetImportParameters requested are different than current active one (requested -> active):
  custom:video-decoder-ogg-theora: a1e56fd34408186e4bbccfd4996cb3dc -> 
  custom:container-muxer-webm: aa71ff27fc2769a1b78a27578f13a17b -> 
  custom:container-demuxer-webm: 4f35f7cbe854078d1ac9338744f61a02 -> 
  custom:container-demuxer-ogg: 62fdf1f143b41e24485cea50d1cbac27 -> 
  custom:video-encoder-webm-vp8: eb34c28f22e8b96e1ab97ce403110664 -> 
  custom:framework-osx-AVFoundation: e770b220cccbd017edd2c1fefb359320 -> 
  custom:video-decoder-webm-vp8: 9c59270c3fd7afecdb556c50c9e8de78 -> 
  custom:audio-decoder-ogg-vorbis: bf7c407c2cedff20999df2af8eb42d56 -> 
  custom:audio-encoder-webm-vorbis: bf7c407c2cedff20999df2af8eb42d56 -> 
========================================================================
Received Import Request.
  path: Assets/Reticle.prefab
  artifactKey: Guid(6a77558f3daf54b4e853228df8d01ed8) Importer(815301076,1909f56bfc062723c751e8b465ee728b)
Start importing Assets/Reticle.prefab using Guid(6a77558f3daf54b4e853228df8d01ed8) Importer(815301076,1909f56bfc062723c751e8b465ee728b)  -> (artifact id: '5d5569249b182cffacdcddd0ad94191a') in 0.121784 seconds 
========================================================================
Received Import Request.
  Time since last request: 892.697676 seconds.
  path: Assets/Scenes/Test 1.unity
  artifactKey: Guid(ca7f8e9a92da54b088e45b8862402ed6) Importer(815301076,1909f56bfc062723c751e8b465ee728b)
Start importing Assets/Scenes/Test 1.unity using Guid(ca7f8e9a92da54b088e45b8862402ed6) Importer(815301076,1909f56bfc062723c751e8b465ee728b)  -> (artifact id: '01fcdaa4a9162474394282d0c69e6da2') in 0.001331 seconds 
========================================================================
Received Import Request.
  Time since last request: 3.021393 seconds.
  path: Assets/Scenes/TeleportTest.unity
  artifactKey: Guid(ee4d80387997740469910e3bc57a9079) Importer(815301076,1909f56bfc062723c751e8b465ee728b)
Start importing Assets/Scenes/TeleportTest.unity using Guid(ee4d80387997740469910e3bc57a9079) Importer(815301076,1909f56bfc062723c751e8b465ee728b)  -> (artifact id: '3bc989a6ea1987bb77d0cf2c73c2c3d5') in 0.000863 seconds 
========================================================================
Received Import Request.
  Time since last request: 1729.202965 seconds.
  path: Assets/Prefabs/Reticle.prefab
  artifactKey: Guid(219ce94293115487a967d218d4b44b3c) Importer(815301076,1909f56bfc062723c751e8b465ee728b)
Start importing Assets/Prefabs/Reticle.prefab using Guid(219ce94293115487a967d218d4b44b3c) Importer(815301076,1909f56bfc062723c751e8b465ee728b)  -> (artifact id: '6c48ec526d22d88483bbc6a494434504') in 0.009061 seconds 
========================================================================
Received Import Request.
  Time since last request: 9.065371 seconds.
  path: Assets/Materials/ReticleMaterial.mat
  artifactKey: Guid(5f88b7da5b1fc4417ae7c7a2c23a8b86) Importer(815301076,1909f56bfc062723c751e8b465ee728b)
Start importing Assets/Materials/ReticleMaterial.mat using Guid(5f88b7da5b1fc4417ae7c7a2c23a8b86) Importer(815301076,1909f56bfc062723c751e8b465ee728b)  -> (artifact id: 'cb1aca53b60f0c8d1dd8d4c20461e8f4') in 0.230617 seconds 
========================================================================
Received Import Request.
  Time since last request: 23.515703 seconds.
  path: Assets/Materials/ReticleMaterial.mat
  artifactKey: Guid(5f88b7da5b1fc4417ae7c7a2c23a8b86) Importer(815301076,1909f56bfc062723c751e8b465ee728b)
Start importing Assets/Materials/ReticleMaterial.mat using Guid(5f88b7da5b1fc4417ae7c7a2c23a8b86) Importer(815301076,1909f56bfc062723c751e8b465ee728b)  -> (artifact id: '9247ee274eb15331f06957c0770901a3') in 0.039262 seconds 
========================================================================
Received Import Request.
  Time since last request: 51.505549 seconds.
  path: Assets/Prefabs/Reticle.prefab
  artifactKey: Guid(219ce94293115487a967d218d4b44b3c) Importer(815301076,1909f56bfc062723c751e8b465ee728b)
Start importing Assets/Prefabs/Reticle.prefab using Guid(219ce94293115487a967d218d4b44b3c) Importer(815301076,1909f56bfc062723c751e8b465ee728b)  -> (artifact id: 'd76dd742bce742b14f955053a304dde5') in 0.005855 seconds 
========================================================================
Received Import Request.
  Time since last request: 97.325226 seconds.
  path: Assets/3DModels/reticle.fbx
  artifactKey: Guid(0eec036dcb55a48a2afe39ebaf1ffb79) Importer(815301076,1909f56bfc062723c751e8b465ee728b)
Start importing Assets/3DModels/reticle.fbx using Guid(0eec036dcb55a48a2afe39ebaf1ffb79) Importer(815301076,1909f56bfc062723c751e8b465ee728b)  -> (artifact id: 'e8e8848b0fb6b6cdf5b1dd532717f34a') in 0.167156 seconds 
========================================================================
Received Import Request.
  Time since last request: 23.837829 seconds.
  path: Assets/Prefabs/Reticle.prefab
  artifactKey: Guid(219ce94293115487a967d218d4b44b3c) Importer(815301076,1909f56bfc062723c751e8b465ee728b)
Start importing Assets/Prefabs/Reticle.prefab using Guid(219ce94293115487a967d218d4b44b3c) Importer(815301076,1909f56bfc062723c751e8b465ee728b)  -> (artifact id: '6d9ffc85b01f5f50ac771850bef43223') in 0.005332 seconds 
========================================================================
Received Import Request.
  Time since last request: 171.422658 seconds.
  path: Assets/Scenes/Aili.unity
  artifactKey: Guid(919cc47ce2a374eafa631e1dd3bf3b19) Importer(815301076,1909f56bfc062723c751e8b465ee728b)
Start importing Assets/Scenes/Aili.unity using Guid(919cc47ce2a374eafa631e1dd3bf3b19) Importer(815301076,1909f56bfc062723c751e8b465ee728b)  -> (artifact id: '0af61dc21d224c7412ce4ecc3b947b57') in 0.001826 seconds 
========================================================================
Received Import Request.
  Time since last request: 1117.157072 seconds.
  path: Assets/Scenes/MainProject.unity
  artifactKey: Guid(e29ac65b45894479cac16a5bf935ad43) Importer(815301076,1909f56bfc062723c751e8b465ee728b)
Start importing Assets/Scenes/MainProject.unity using Guid(e29ac65b45894479cac16a5bf935ad43) Importer(815301076,1909f56bfc062723c751e8b465ee728b)  -> (artifact id: '364b878ee3e94ead560d2d67cc88bcf2') in 0.001341 seconds 
========================================================================
Received Prepare
Refreshing native plugins compatible for Editor in 3.08 ms, found 3 plugins.
Preloading 1 native plugins for Editor in 0.34 ms.
Unloading 14 Unused Serialized files (Serialized files now loaded: 0)
System memory in use before: 196.6 MB.
System memory in use after: 196.8 MB.

Unloading 14 unused Assets to reduce memory usage. Loaded Objects now: 3280.
Total: 3.374208 ms (FindLiveObjects: 0.153208 ms CreateObjectMapping: 0.061833 ms MarkObjects: 3.087333 ms  DeleteObjects: 0.071125 ms)

AssetImportParameters requested are different than current active one (requested -> active):
  custom:video-decoder-ogg-theora: a1e56fd34408186e4bbccfd4996cb3dc -> 
  custom:container-muxer-webm: aa71ff27fc2769a1b78a27578f13a17b -> 
  custom:container-demuxer-webm: 4f35f7cbe854078d1ac9338744f61a02 -> 
  custom:container-demuxer-ogg: 62fdf1f143b41e24485cea50d1cbac27 -> 
  custom:video-encoder-webm-vp8: eb34c28f22e8b96e1ab97ce403110664 -> 
  custom:framework-osx-AVFoundation: e770b220cccbd017edd2c1fefb359320 -> 
  custom:video-decoder-webm-vp8: 9c59270c3fd7afecdb556c50c9e8de78 -> 
  custom:audio-decoder-ogg-vorbis: bf7c407c2cedff20999df2af8eb42d56 -> 
  custom:audio-encoder-webm-vorbis: bf7c407c2cedff20999df2af8eb42d56 -> 
========================================================================
Received Import Request.
  Time since last request: 1305.284618 seconds.
  path: Assets/Scenes/MainProject.unity
  artifactKey: Guid(e29ac65b45894479cac16a5bf935ad43) Importer(815301076,1909f56bfc062723c751e8b465ee728b)
Start importing Assets/Scenes/MainProject.unity using Guid(e29ac65b45894479cac16a5bf935ad43) Importer(815301076,1909f56bfc062723c751e8b465ee728b)  -> (artifact id: 'cf807c25a033d267fa74e92a056e28df') in 0.002913 seconds 
========================================================================
Received Import Request.
  Time since last request: 69.113152 seconds.
  path: Assets/Prefabs/reticle.prefab
  artifactKey: Guid(219ce94293115487a967d218d4b44b3c) Importer(815301076,1909f56bfc062723c751e8b465ee728b)
Start importing Assets/Prefabs/reticle.prefab using Guid(219ce94293115487a967d218d4b44b3c) Importer(815301076,1909f56bfc062723c751e8b465ee728b)  -> (artifact id: 'e960115a297cd7b9bfd34319804e6dee') in 0.025207 seconds 
========================================================================
Received Prepare
Refreshing native plugins compatible for Editor in 3.10 ms, found 3 plugins.
Preloading 1 native plugins for Editor in 0.45 ms.
Unloading 14 Unused Serialized files (Serialized files now loaded: 0)
System memory in use before: 196.6 MB.
System memory in use after: 196.8 MB.

Unloading 14 unused Assets to reduce memory usage. Loaded Objects now: 3280.
Total: 9.099833 ms (FindLiveObjects: 0.138666 ms CreateObjectMapping: 0.057666 ms MarkObjects: 8.833084 ms  DeleteObjects: 0.069458 ms)

AssetImportParameters requested are different than current active one (requested -> active):
  custom:video-decoder-ogg-theora: a1e56fd34408186e4bbccfd4996cb3dc -> 
  custom:container-muxer-webm: aa71ff27fc2769a1b78a27578f13a17b -> 
  custom:container-demuxer-webm: 4f35f7cbe854078d1ac9338744f61a02 -> 
  custom:container-demuxer-ogg: 62fdf1f143b41e24485cea50d1cbac27 -> 
  custom:video-encoder-webm-vp8: eb34c28f22e8b96e1ab97ce403110664 -> 
  custom:framework-osx-AVFoundation: e770b220cccbd017edd2c1fefb359320 -> 
  custom:video-decoder-webm-vp8: 9c59270c3fd7afecdb556c50c9e8de78 -> 
  custom:audio-decoder-ogg-vorbis: bf7c407c2cedff20999df2af8eb42d56 -> 
  custom:audio-encoder-webm-vorbis: bf7c407c2cedff20999df2af8eb42d56 -> 
========================================================================
Received Import Request.
  Time since last request: 246.896739 seconds.
  path: Assets/Prefabs/reticle.prefab
  artifactKey: Guid(219ce94293115487a967d218d4b44b3c) Importer(815301076,1909f56bfc062723c751e8b465ee728b)
Start importing Assets/Prefabs/reticle.prefab using Guid(219ce94293115487a967d218d4b44b3c) Importer(815301076,1909f56bfc062723c751e8b465ee728b)  -> (artifact id: '0ebff67c72ea57423526c3d8ad4b2f4d') in 0.014558 seconds 
========================================================================
Received Import Request.
  Time since last request: 5.656124 seconds.
  path: Assets/Prefabs/reticle.prefab
  artifactKey: Guid(219ce94293115487a967d218d4b44b3c) Importer(815301076,1909f56bfc062723c751e8b465ee728b)
Start importing Assets/Prefabs/reticle.prefab using Guid(219ce94293115487a967d218d4b44b3c) Importer(815301076,1909f56bfc062723c751e8b465ee728b)  -> (artifact id: 'ae275c04e1c2319c29ce9fc7be7a781f') in 0.008990 seconds 
========================================================================
Received Prepare
Refreshing native plugins compatible for Editor in 3.26 ms, found 3 plugins.
Preloading 1 native plugins for Editor in 0.40 ms.
Unloading 14 Unused Serialized files (Serialized files now loaded: 0)
System memory in use before: 196.6 MB.
System memory in use after: 196.8 MB.

Unloading 14 unused Assets to reduce memory usage. Loaded Objects now: 3280.
Total: 2.918417 ms (FindLiveObjects: 0.171291 ms CreateObjectMapping: 0.066500 ms MarkObjects: 2.602459 ms  DeleteObjects: 0.077542 ms)

AssetImportParameters requested are different than current active one (requested -> active):
  custom:video-decoder-ogg-theora: a1e56fd34408186e4bbccfd4996cb3dc -> 
  custom:container-muxer-webm: aa71ff27fc2769a1b78a27578f13a17b -> 
  custom:container-demuxer-webm: 4f35f7cbe854078d1ac9338744f61a02 -> 
  custom:container-demuxer-ogg: 62fdf1f143b41e24485cea50d1cbac27 -> 
  custom:video-encoder-webm-vp8: eb34c28f22e8b96e1ab97ce403110664 -> 
  custom:framework-osx-AVFoundation: e770b220cccbd017edd2c1fefb359320 -> 
  custom:video-decoder-webm-vp8: 9c59270c3fd7afecdb556c50c9e8de78 -> 
  custom:audio-decoder-ogg-vorbis: bf7c407c2cedff20999df2af8eb42d56 -> 
  custom:audio-encoder-webm-vorbis: bf7c407c2cedff20999df2af8eb42d56 -> 
